{"meta": {"format": 3, "version": "7.6.1", "timestamp": "2025-11-22T15:34:28.007083", "branch_coverage": false, "show_contexts": false}, "files": {"custom_components\\fmd\\__init__.py": {"executed_lines": [1, 17, 19, 21, 22, 23, 24, 25, 27, 29, 31, 42, 49, 50, 52, 55, 57, 58, 61, 66, 74, 75, 76, 77, 79, 80, 81, 92, 94, 96, 101, 103, 105, 110, 112, 114, 115, 117, 119, 125, 129, 130, 137, 138, 141, 143, 145, 147, 148, 149, 150, 151, 152, 154, 156], "summary": {"covered_lines": 54, "num_statements": 56, "percent_covered": 96.42857142857143, "percent_covered_display": "96", "missing_lines": 2, "excluded_lines": 0}, "missing_lines": [85, 86], "excluded_lines": [], "functions": {"async_setup_entry": {"executed_lines": [49, 50, 52, 55, 57, 58, 61, 66, 74, 75, 76, 77, 79, 80, 81, 92, 94, 96, 101, 103, 105, 110, 112, 114, 115, 117, 119, 125, 129, 130, 137, 138], "summary": {"covered_lines": 32, "num_statements": 34, "percent_covered": 94.11764705882354, "percent_covered_display": "94", "missing_lines": 2, "excluded_lines": 0}, "missing_lines": [85, 86], "excluded_lines": []}, "async_unload_entry": {"executed_lines": [143, 145, 147, 148, 149, 150, 151, 152, 154, 156], "summary": {"covered_lines": 10, "num_statements": 10, "percent_covered": 100.0, "percent_covered_display": "100", "missing_lines": 0, "excluded_lines": 0}, "missing_lines": [], "excluded_lines": []}, "": {"executed_lines": [1, 17, 19, 21, 22, 23, 24, 25, 27, 29, 31, 42, 141], "summary": {"covered_lines": 12, "num_statements": 12, "percent_covered": 100.0, "percent_covered_display": "100", "missing_lines": 0, "excluded_lines": 0}, "missing_lines": [], "excluded_lines": []}}, "classes": {"": {"executed_lines": [1, 17, 19, 21, 22, 23, 24, 25, 27, 29, 31, 42, 49, 50, 52, 55, 57, 58, 61, 66, 74, 75, 76, 77, 79, 80, 81, 92, 94, 96, 101, 103, 105, 110, 112, 114, 115, 117, 119, 125, 129, 130, 137, 138, 141, 143, 145, 147, 148, 149, 150, 151, 152, 154, 156], "summary": {"covered_lines": 54, "num_statements": 56, "percent_covered": 96.42857142857143, "percent_covered_display": "96", "missing_lines": 2, "excluded_lines": 0}, "missing_lines": [85, 86], "excluded_lines": []}}}, "custom_components\\fmd\\button.py": {"executed_lines": [1, 2, 4, 5, 6, 7, 8, 9, 10, 13, 14, 15, 16, 17, 18, 19, 20, 22, 24, 27, 33, 46, 47, 49, 50, 51, 53, 55, 56, 57, 58, 60, 61, 63, 70, 72, 77, 78, 79, 80, 83, 86, 89, 90, 91, 92, 98, 99, 103, 108, 110, 113, 115, 116, 122, 125, 126, 129, 131, 133, 135, 136, 139, 140, 142, 143, 144, 146, 148, 149, 150, 151, 153, 154, 156, 163, 165, 168, 169, 170, 171, 173, 175, 176, 178, 179, 181, 183, 184, 185, 187, 188, 189, 191, 192, 193, 195, 198, 199, 200, 203, 204, 210, 211, 212, 214, 216, 217, 218, 219, 221, 222, 224, 231, 233, 236, 237, 238, 239, 242, 245, 246, 247, 248, 250, 252, 256, 258, 259, 260, 262, 266, 270, 274, 275, 279, 280, 282, 283, 284, 286, 288, 289, 290, 291, 293, 294, 296, 303, 305, 308, 309, 310, 311, 313, 315, 316, 318, 319, 324, 326, 327, 330, 331, 333, 334, 335, 337, 339, 340, 341, 342, 344, 345, 347, 354, 356, 359, 360, 361, 362, 364, 366, 367, 369, 370, 375, 377, 378, 381, 382, 384, 385, 386, 388, 390, 391, 392, 393, 395, 396, 398, 405, 407, 410, 411, 412, 413, 416, 419, 420, 421, 423, 425, 427, 430, 431, 433, 434, 435, 437, 444, 445, 446, 448, 451, 452, 453, 454, 455, 456, 457, 460, 461, 463, 465, 466, 467, 470, 471, 473, 481, 482, 485, 488, 489, 490, 497, 498, 501, 503, 504, 514, 515, 517, 522, 523, 524, 525, 531, 533, 536, 539, 542, 543, 550, 556, 559, 560, 568, 569, 571, 573, 575, 578, 579, 584, 585, 588, 591, 592, 594, 595, 599, 607, 610, 612, 615, 616, 617, 620, 623, 624, 625, 626, 628, 630, 631, 632, 634, 635, 636, 638, 639, 640, 642, 643, 644, 646, 653, 655, 656, 658, 659, 664, 666, 668, 673, 676, 678, 679, 680, 681, 682, 683, 684, 685, 687, 697, 698, 710, 711, 713, 715, 716, 717, 718, 720, 721, 723, 725, 726, 728, 735, 738, 741, 743, 744, 745, 746, 749, 750, 754, 757, 761, 762, 763, 764, 767, 769, 771, 772, 773, 774, 777, 780, 783, 785, 787, 795, 796, 797, 800, 801, 802, 803, 805, 807, 812, 814, 815, 818, 819, 825, 828, 829, 830, 834, 835, 836, 837, 838, 840, 841, 842, 843, 846, 848, 849, 850, 851, 852, 854, 855, 856, 857, 860], "summary": {"covered_lines": 399, "num_statements": 409, "percent_covered": 97.55501222493888, "percent_covered_display": "98", "missing_lines": 10, "excluded_lines": 0}, "missing_lines": [196, 263, 267, 271, 693, 694, 788, 789, 790, 793], "excluded_lines": [], "functions": {"async_setup_entry": {"executed_lines": [33], "summary": {"covered_lines": 1, "num_statements": 1, "percent_covered": 100.0, "percent_covered_display": "100", "missing_lines": 0, "excluded_lines": 0}, "missing_lines": [], "excluded_lines": []}, "FmdLocationUpdateButton.__init__": {"executed_lines": [55, 56, 57, 58], "summary": {"covered_lines": 4, "num_statements": 4, "percent_covered": 100.0, "percent_covered_display": "100", "missing_lines": 0, "excluded_lines": 0}, "missing_lines": [], "excluded_lines": []}, "FmdLocationUpdateButton.device_info": {"executed_lines": [63], "summary": {"covered_lines": 1, "num_statements": 1, "percent_covered": 100.0, "percent_covered_display": "100", "missing_lines": 0, "excluded_lines": 0}, "missing_lines": [], "excluded_lines": []}, "FmdLocationUpdateButton.async_press": {"executed_lines": [72, 77, 78, 79, 80, 83, 86, 89, 90, 91, 92, 98, 99, 103, 108, 110, 113, 115, 116, 122, 125, 126, 129, 131, 133, 135, 136], "summary": {"covered_lines": 27, "num_statements": 27, "percent_covered": 100.0, "percent_covered_display": "100", "missing_lines": 0, "excluded_lines": 0}, "missing_lines": [], "excluded_lines": []}, "FmdRingButton.__init__": {"executed_lines": [148, 149, 150, 151], "summary": {"covered_lines": 4, "num_statements": 4, "percent_covered": 100.0, "percent_covered_display": "100", "missing_lines": 0, "excluded_lines": 0}, "missing_lines": [], "excluded_lines": []}, "FmdRingButton.device_info": {"executed_lines": [156], "summary": {"covered_lines": 1, "num_statements": 1, "percent_covered": 100.0, "percent_covered_display": "100", "missing_lines": 0, "excluded_lines": 0}, "missing_lines": [], "excluded_lines": []}, "FmdRingButton.async_press": {"executed_lines": [165, 168, 169, 170, 171, 173, 175, 176, 178, 179, 181, 183, 184, 185, 187, 188, 189, 191, 192, 193, 195, 198, 199, 200], "summary": {"covered_lines": 24, "num_statements": 25, "percent_covered": 96.0, "percent_covered_display": "96", "missing_lines": 1, "excluded_lines": 0}, "missing_lines": [196], "excluded_lines": []}, "FmdLockButton.__init__": {"executed_lines": [216, 217, 218, 219], "summary": {"covered_lines": 4, "num_statements": 4, "percent_covered": 100.0, "percent_covered_display": "100", "missing_lines": 0, "excluded_lines": 0}, "missing_lines": [], "excluded_lines": []}, "FmdLockButton.device_info": {"executed_lines": [224], "summary": {"covered_lines": 1, "num_statements": 1, "percent_covered": 100.0, "percent_covered_display": "100", "missing_lines": 0, "excluded_lines": 0}, "missing_lines": [], "excluded_lines": []}, "FmdLockButton.async_press": {"executed_lines": [233, 236, 237, 238, 239, 242, 245, 246, 247, 248, 250, 252, 256, 258, 259, 260, 262, 266, 270, 274, 275], "summary": {"covered_lines": 21, "num_statements": 24, "percent_covered": 87.5, "percent_covered_display": "88", "missing_lines": 3, "excluded_lines": 0}, "missing_lines": [263, 267, 271], "excluded_lines": []}, "FmdCaptureFrontCameraButton.__init__": {"executed_lines": [288, 289, 290, 291], "summary": {"covered_lines": 4, "num_statements": 4, "percent_covered": 100.0, "percent_covered_display": "100", "missing_lines": 0, "excluded_lines": 0}, "missing_lines": [], "excluded_lines": []}, "FmdCaptureFrontCameraButton.device_info": {"executed_lines": [296], "summary": {"covered_lines": 1, "num_statements": 1, "percent_covered": 100.0, "percent_covered_display": "100", "missing_lines": 0, "excluded_lines": 0}, "missing_lines": [], "excluded_lines": []}, "FmdCaptureFrontCameraButton.async_press": {"executed_lines": [305, 308, 309, 310, 311, 313, 315, 316, 318, 319, 324, 326, 327], "summary": {"covered_lines": 13, "num_statements": 13, "percent_covered": 100.0, "percent_covered_display": "100", "missing_lines": 0, "excluded_lines": 0}, "missing_lines": [], "excluded_lines": []}, "FmdCaptureRearCameraButton.__init__": {"executed_lines": [339, 340, 341, 342], "summary": {"covered_lines": 4, "num_statements": 4, "percent_covered": 100.0, "percent_covered_display": "100", "missing_lines": 0, "excluded_lines": 0}, "missing_lines": [], "excluded_lines": []}, "FmdCaptureRearCameraButton.device_info": {"executed_lines": [347], "summary": {"covered_lines": 1, "num_statements": 1, "percent_covered": 100.0, "percent_covered_display": "100", "missing_lines": 0, "excluded_lines": 0}, "missing_lines": [], "excluded_lines": []}, "FmdCaptureRearCameraButton.async_press": {"executed_lines": [356, 359, 360, 361, 362, 364, 366, 367, 369, 370, 375, 377, 378], "summary": {"covered_lines": 13, "num_statements": 13, "percent_covered": 100.0, "percent_covered_display": "100", "missing_lines": 0, "excluded_lines": 0}, "missing_lines": [], "excluded_lines": []}, "FmdDownloadPhotosButton.__init__": {"executed_lines": [390, 391, 392, 393], "summary": {"covered_lines": 4, "num_statements": 4, "percent_covered": 100.0, "percent_covered_display": "100", "missing_lines": 0, "excluded_lines": 0}, "missing_lines": [], "excluded_lines": []}, "FmdDownloadPhotosButton.device_info": {"executed_lines": [398], "summary": {"covered_lines": 1, "num_statements": 1, "percent_covered": 100.0, "percent_covered_display": "100", "missing_lines": 0, "excluded_lines": 0}, "missing_lines": [], "excluded_lines": []}, "FmdDownloadPhotosButton.async_press": {"executed_lines": [407, 410, 411, 412, 413, 416, 419, 420, 421, 423, 425, 427, 430, 431, 433, 434, 435, 437, 444, 445, 446, 448, 451, 452, 453, 454, 455, 456, 457, 460, 461, 463, 465, 466, 467, 470, 471, 473, 481, 482, 485, 488, 489, 490, 497, 498, 501, 503, 504, 514, 515, 517, 522, 523, 524, 525, 531, 533, 536, 539, 542, 543, 550, 556, 559, 560, 568, 569, 571, 573, 575, 578, 579, 584, 585, 588, 591, 592, 594, 595, 599, 607, 610, 612, 615, 616, 617, 620, 623, 624, 625, 626, 628, 630, 631, 632, 634, 635, 636, 638, 639, 640, 642, 643, 644], "summary": {"covered_lines": 105, "num_statements": 105, "percent_covered": 100.0, "percent_covered_display": "100", "missing_lines": 0, "excluded_lines": 0}, "missing_lines": [], "excluded_lines": []}, "FmdDownloadPhotosButton._cleanup_old_photos": {"executed_lines": [653, 655, 656, 658, 659, 664, 666, 668, 673, 676, 678, 679, 680, 681, 682, 683, 684, 685, 687], "summary": {"covered_lines": 19, "num_statements": 21, "percent_covered": 90.47619047619048, "percent_covered_display": "90", "missing_lines": 2, "excluded_lines": 0}, "missing_lines": [693, 694], "excluded_lines": []}, "FmdWipeDeviceButton.__init__": {"executed_lines": [715, 716, 717, 718], "summary": {"covered_lines": 4, "num_statements": 4, "percent_covered": 100.0, "percent_covered_display": "100", "missing_lines": 0, "excluded_lines": 0}, "missing_lines": [], "excluded_lines": []}, "FmdWipeDeviceButton.icon": {"executed_lines": [723], "summary": {"covered_lines": 1, "num_statements": 1, "percent_covered": 100.0, "percent_covered_display": "100", "missing_lines": 0, "excluded_lines": 0}, "missing_lines": [], "excluded_lines": []}, "FmdWipeDeviceButton.device_info": {"executed_lines": [728], "summary": {"covered_lines": 1, "num_statements": 1, "percent_covered": 100.0, "percent_covered_display": "100", "missing_lines": 0, "excluded_lines": 0}, "missing_lines": [], "excluded_lines": []}, "FmdWipeDeviceButton.async_press": {"executed_lines": [738, 741, 743, 744, 745, 746, 749, 750, 754, 757, 761, 762, 763, 764, 767, 769, 771, 772, 773, 774, 777, 780, 783, 785, 787, 795, 796, 797, 800, 801, 802, 803, 805, 807, 812, 814, 815, 818, 819, 825, 828, 829, 830, 834, 835, 836, 837, 838, 840, 841, 842, 843, 846, 848, 849, 850, 851, 852, 854, 855, 856, 857, 860], "summary": {"covered_lines": 63, "num_statements": 67, "percent_covered": 94.02985074626865, "percent_covered_display": "94", "missing_lines": 4, "excluded_lines": 0}, "missing_lines": [788, 789, 790, 793], "excluded_lines": []}, "": {"executed_lines": [1, 2, 4, 5, 6, 7, 8, 9, 10, 13, 14, 15, 16, 17, 18, 19, 20, 22, 24, 27, 46, 47, 49, 50, 51, 53, 60, 61, 70, 139, 140, 142, 143, 144, 146, 153, 154, 163, 203, 204, 210, 211, 212, 214, 221, 222, 231, 279, 280, 282, 283, 284, 286, 293, 294, 303, 330, 331, 333, 334, 335, 337, 344, 345, 354, 381, 382, 384, 385, 386, 388, 395, 396, 405, 646, 697, 698, 710, 711, 713, 720, 721, 725, 726, 735], "summary": {"covered_lines": 77, "num_statements": 77, "percent_covered": 100.0, "percent_covered_display": "100", "missing_lines": 0, "excluded_lines": 0}, "missing_lines": [], "excluded_lines": []}}, "classes": {"FmdLocationUpdateButton": {"executed_lines": [55, 56, 57, 58, 63, 72, 77, 78, 79, 80, 83, 86, 89, 90, 91, 92, 98, 99, 103, 108, 110, 113, 115, 116, 122, 125, 126, 129, 131, 133, 135, 136], "summary": {"covered_lines": 32, "num_statements": 32, "percent_covered": 100.0, "percent_covered_display": "100", "missing_lines": 0, "excluded_lines": 0}, "missing_lines": [], "excluded_lines": []}, "FmdRingButton": {"executed_lines": [148, 149, 150, 151, 156, 165, 168, 169, 170, 171, 173, 175, 176, 178, 179, 181, 183, 184, 185, 187, 188, 189, 191, 192, 193, 195, 198, 199, 200], "summary": {"covered_lines": 29, "num_statements": 30, "percent_covered": 96.66666666666667, "percent_covered_display": "97", "missing_lines": 1, "excluded_lines": 0}, "missing_lines": [196], "excluded_lines": []}, "FmdLockButton": {"executed_lines": [216, 217, 218, 219, 224, 233, 236, 237, 238, 239, 242, 245, 246, 247, 248, 250, 252, 256, 258, 259, 260, 262, 266, 270, 274, 275], "summary": {"covered_lines": 26, "num_statements": 29, "percent_covered": 89.65517241379311, "percent_covered_display": "90", "missing_lines": 3, "excluded_lines": 0}, "missing_lines": [263, 267, 271], "excluded_lines": []}, "FmdCaptureFrontCameraButton": {"executed_lines": [288, 289, 290, 291, 296, 305, 308, 309, 310, 311, 313, 315, 316, 318, 319, 324, 326, 327], "summary": {"covered_lines": 18, "num_statements": 18, "percent_covered": 100.0, "percent_covered_display": "100", "missing_lines": 0, "excluded_lines": 0}, "missing_lines": [], "excluded_lines": []}, "FmdCaptureRearCameraButton": {"executed_lines": [339, 340, 341, 342, 347, 356, 359, 360, 361, 362, 364, 366, 367, 369, 370, 375, 377, 378], "summary": {"covered_lines": 18, "num_statements": 18, "percent_covered": 100.0, "percent_covered_display": "100", "missing_lines": 0, "excluded_lines": 0}, "missing_lines": [], "excluded_lines": []}, "FmdDownloadPhotosButton": {"executed_lines": [390, 391, 392, 393, 398, 407, 410, 411, 412, 413, 416, 419, 420, 421, 423, 425, 427, 430, 431, 433, 434, 435, 437, 444, 445, 446, 448, 451, 452, 453, 454, 455, 456, 457, 460, 461, 463, 465, 466, 467, 470, 471, 473, 481, 482, 485, 488, 489, 490, 497, 498, 501, 503, 504, 514, 515, 517, 522, 523, 524, 525, 531, 533, 536, 539, 542, 543, 550, 556, 559, 560, 568, 569, 571, 573, 575, 578, 579, 584, 585, 588, 591, 592, 594, 595, 599, 607, 610, 612, 615, 616, 617, 620, 623, 624, 625, 626, 628, 630, 631, 632, 634, 635, 636, 638, 639, 640, 642, 643, 644, 653, 655, 656, 658, 659, 664, 666, 668, 673, 676, 678, 679, 680, 681, 682, 683, 684, 685, 687], "summary": {"covered_lines": 129, "num_statements": 131, "percent_covered": 98.47328244274809, "percent_covered_display": "98", "missing_lines": 2, "excluded_lines": 0}, "missing_lines": [693, 694], "excluded_lines": []}, "FmdWipeDeviceButton": {"executed_lines": [715, 716, 717, 718, 723, 728, 738, 741, 743, 744, 745, 746, 749, 750, 754, 757, 761, 762, 763, 764, 767, 769, 771, 772, 773, 774, 777, 780, 783, 785, 787, 795, 796, 797, 800, 801, 802, 803, 805, 807, 812, 814, 815, 818, 819, 825, 828, 829, 830, 834, 835, 836, 837, 838, 840, 841, 842, 843, 846, 848, 849, 850, 851, 852, 854, 855, 856, 857, 860], "summary": {"covered_lines": 69, "num_statements": 73, "percent_covered": 94.52054794520548, "percent_covered_display": "95", "missing_lines": 4, "excluded_lines": 0}, "missing_lines": [788, 789, 790, 793], "excluded_lines": []}, "": {"executed_lines": [1, 2, 4, 5, 6, 7, 8, 9, 10, 13, 14, 15, 16, 17, 18, 19, 20, 22, 24, 27, 33, 46, 47, 49, 50, 51, 53, 60, 61, 70, 139, 140, 142, 143, 144, 146, 153, 154, 163, 203, 204, 210, 211, 212, 214, 221, 222, 231, 279, 280, 282, 283, 284, 286, 293, 294, 303, 330, 331, 333, 334, 335, 337, 344, 345, 354, 381, 382, 384, 385, 386, 388, 395, 396, 405, 646, 697, 698, 710, 711, 713, 720, 721, 725, 726, 735], "summary": {"covered_lines": 78, "num_statements": 78, "percent_covered": 100.0, "percent_covered_display": "100", "missing_lines": 0, "excluded_lines": 0}, "missing_lines": [], "excluded_lines": []}}}, "custom_components\\fmd\\config_flow.py": {"executed_lines": [1, 2, 4, 5, 7, 8, 9, 10, 12, 14, 17, 24, 27, 28, 31, 34, 36, 39, 47, 48, 51, 58, 59, 60, 61, 73, 74, 78, 79, 80, 81, 83, 84, 86, 92, 95, 110, 111, 112, 113, 114, 116, 124, 130, 132, 133, 135, 139, 140, 141, 143, 149, 152, 165, 166, 167, 168, 170, 181], "summary": {"covered_lines": 58, "num_statements": 60, "percent_covered": 96.66666666666667, "percent_covered_display": "97", "missing_lines": 2, "excluded_lines": 5}, "missing_lines": [66, 67], "excluded_lines": [62, 63, 68, 69, 70], "functions": {"authenticate_and_get_artifacts": {"executed_lines": [24, 27, 28, 31, 34, 36], "summary": {"covered_lines": 6, "num_statements": 6, "percent_covered": 100.0, "percent_covered_display": "100", "missing_lines": 0, "excluded_lines": 0}, "missing_lines": [], "excluded_lines": []}, "_normalize_artifacts": {"executed_lines": [47, 48, 51, 58, 59, 60, 61], "summary": {"covered_lines": 7, "num_statements": 9, "percent_covered": 77.77777777777777, "percent_covered_display": "78", "missing_lines": 2, "excluded_lines": 5}, "missing_lines": [66, 67], "excluded_lines": [62, 63, 68, 69, 70]}, "FMDConfigFlow.async_step_reauth": {"executed_lines": [78, 79, 80, 81, 83, 84, 86, 92, 95, 110, 111, 112, 113, 114, 116, 124], "summary": {"covered_lines": 16, "num_statements": 16, "percent_covered": 100.0, "percent_covered_display": "100", "missing_lines": 0, "excluded_lines": 0}, "missing_lines": [], "excluded_lines": []}, "FMDConfigFlow.async_step_user": {"executed_lines": [139, 140, 141, 143, 149, 152, 165, 166, 167, 168, 170, 181], "summary": {"covered_lines": 12, "num_statements": 12, "percent_covered": 100.0, "percent_covered_display": "100", "missing_lines": 0, "excluded_lines": 0}, "missing_lines": [], "excluded_lines": []}, "": {"executed_lines": [1, 2, 4, 5, 7, 8, 9, 10, 12, 14, 17, 39, 73, 74, 130, 132, 133, 135], "summary": {"covered_lines": 17, "num_statements": 17, "percent_covered": 100.0, "percent_covered_display": "100", "missing_lines": 0, "excluded_lines": 0}, "missing_lines": [], "excluded_lines": []}}, "classes": {"FMDConfigFlow": {"executed_lines": [78, 79, 80, 81, 83, 84, 86, 92, 95, 110, 111, 112, 113, 114, 116, 124, 139, 140, 141, 143, 149, 152, 165, 166, 167, 168, 170, 181], "summary": {"covered_lines": 28, "num_statements": 28, "percent_covered": 100.0, "percent_covered_display": "100", "missing_lines": 0, "excluded_lines": 0}, "missing_lines": [], "excluded_lines": []}, "": {"executed_lines": [1, 2, 4, 5, 7, 8, 9, 10, 12, 14, 17, 24, 27, 28, 31, 34, 36, 39, 47, 48, 51, 58, 59, 60, 61, 73, 74, 130, 132, 133, 135], "summary": {"covered_lines": 30, "num_statements": 32, "percent_covered": 93.75, "percent_covered_display": "94", "missing_lines": 2, "excluded_lines": 5}, "missing_lines": [66, 67], "excluded_lines": [62, 63, 68, 69, 70]}}}, "custom_components\\fmd\\const.py": {"executed_lines": [1, 3, 6, 7, 10, 11, 15, 16, 17, 18, 19, 22, 23], "summary": {"covered_lines": 12, "num_statements": 12, "percent_covered": 100.0, "percent_covered_display": "100", "missing_lines": 0, "excluded_lines": 0}, "missing_lines": [], "excluded_lines": [], "functions": {"": {"executed_lines": [1, 3, 6, 7, 10, 11, 15, 16, 17, 18, 19, 22, 23], "summary": {"covered_lines": 12, "num_statements": 12, "percent_covered": 100.0, "percent_covered_display": "100", "missing_lines": 0, "excluded_lines": 0}, "missing_lines": [], "excluded_lines": []}}, "classes": {"": {"executed_lines": [1, 3, 6, 7, 10, 11, 15, 16, 17, 18, 19, 22, 23], "summary": {"covered_lines": 12, "num_statements": 12, "percent_covered": 100.0, "percent_covered_display": "100", "missing_lines": 0, "excluded_lines": 0}, "missing_lines": [], "excluded_lines": []}}}, "custom_components\\fmd\\device_tracker.py": {"executed_lines": [1, 2, 4, 5, 6, 7, 9, 12, 13, 14, 15, 16, 17, 18, 19, 20, 22, 31, 34, 44, 47, 50, 56, 62, 67, 70, 72, 83, 89, 90, 91, 92, 100, 101, 104, 107, 108, 110, 111, 115, 116, 117, 118, 119, 121, 132, 133, 134, 135, 136, 137, 138, 139, 140, 141, 143, 144, 145, 146, 147, 149, 150, 152, 154, 156, 157, 159, 162, 166, 167, 169, 170, 173, 174, 178, 179, 182, 186, 187, 188, 194, 195, 202, 203, 204, 208, 218, 219, 221, 223, 226, 230, 232, 237, 239, 240, 241, 243, 245, 246, 248, 249, 252, 254, 256, 257, 259, 261, 262, 263, 264, 265, 268, 270, 273, 274, 275, 277, 278, 279, 286, 289, 291, 293, 294, 295, 297, 298, 300, 302, 303, 305, 312, 313, 315, 317, 318, 320, 322, 323, 325, 327, 328, 330, 332, 333, 336, 337, 340, 341, 342, 343, 346, 347, 351, 352, 355, 356, 357, 358, 359, 361, 362, 365, 366, 367, 368, 369, 371, 372, 375, 376, 377, 378, 379, 381, 382, 385, 386, 388, 390, 399, 401, 415, 418, 419, 422, 423, 426, 429, 431, 433, 434, 437, 443, 445, 450, 451, 452, 457, 458, 461, 462, 470, 471, 472, 475, 476, 477, 479, 480, 483, 484, 488, 489, 492, 493, 498, 499, 501, 508, 509, 510, 511, 514, 517, 518, 519, 520, 521, 522, 526, 528, 536, 544, 546, 547, 549, 551, 552, 558, 559, 562, 563], "summary": {"covered_lines": 242, "num_statements": 250, "percent_covered": 96.8, "percent_covered_display": "97", "missing_lines": 8, "excluded_lines": 0}, "missing_lines": [10, 95, 96, 163, 164, 210, 211, 212], "excluded_lines": [], "functions": {"async_setup_entry": {"executed_lines": [44, 47, 50, 56, 62, 67, 70, 72, 83, 89, 90, 91, 92, 100, 101, 104], "summary": {"covered_lines": 16, "num_statements": 18, "percent_covered": 88.88888888888889, "percent_covered_display": "89", "missing_lines": 2, "excluded_lines": 0}, "missing_lines": [95, 96], "excluded_lines": []}, "FmdDeviceTracker.__init__": {"executed_lines": [132, 133, 134, 135, 136, 137, 138, 139, 140, 141, 143, 144, 145, 146, 147], "summary": {"covered_lines": 15, "num_statements": 15, "percent_covered": 100.0, "percent_covered_display": "100", "missing_lines": 0, "excluded_lines": 0}, "missing_lines": [], "excluded_lines": []}, "FmdDeviceTracker.polling_interval": {"executed_lines": [152], "summary": {"covered_lines": 1, "num_statements": 1, "percent_covered": 100.0, "percent_covered_display": "100", "missing_lines": 0, "excluded_lines": 0}, "missing_lines": [], "excluded_lines": []}, "FmdDeviceTracker.start_polling": {"executed_lines": [156, 157, 159, 223, 226], "summary": {"covered_lines": 5, "num_statements": 5, "percent_covered": 100.0, "percent_covered_display": "100", "missing_lines": 0, "excluded_lines": 0}, "missing_lines": [], "excluded_lines": []}, "FmdDeviceTracker.start_polling.update_locations": {"executed_lines": [162, 166, 167, 169, 170, 173, 174, 178, 179, 182, 186, 187, 188, 194, 195, 202, 203, 204, 208, 218, 219, 221], "summary": {"covered_lines": 22, "num_statements": 27, "percent_covered": 81.48148148148148, "percent_covered_display": "81", "missing_lines": 5, "excluded_lines": 0}, "missing_lines": [163, 164, 210, 211, 212], "excluded_lines": []}, "FmdDeviceTracker.set_polling_interval": {"executed_lines": [232, 237, 239, 240, 241], "summary": {"covered_lines": 5, "num_statements": 5, "percent_covered": 100.0, "percent_covered_display": "100", "missing_lines": 0, "excluded_lines": 0}, "missing_lines": [], "excluded_lines": []}, "FmdDeviceTracker.set_high_frequency_interval": {"executed_lines": [245, 246, 248, 249, 252], "summary": {"covered_lines": 5, "num_statements": 5, "percent_covered": 100.0, "percent_covered_display": "100", "missing_lines": 0, "excluded_lines": 0}, "missing_lines": [], "excluded_lines": []}, "FmdDeviceTracker.set_high_frequency_mode": {"executed_lines": [256, 257, 259, 261, 262, 263, 264, 265, 268, 270, 273, 274, 275, 277, 278, 279, 286, 289], "summary": {"covered_lines": 18, "num_statements": 18, "percent_covered": 100.0, "percent_covered_display": "100", "missing_lines": 0, "excluded_lines": 0}, "missing_lines": [], "excluded_lines": []}, "FmdDeviceTracker.async_will_remove_from_hass": {"executed_lines": [293, 294, 295], "summary": {"covered_lines": 3, "num_statements": 3, "percent_covered": 100.0, "percent_covered_display": "100", "missing_lines": 0, "excluded_lines": 0}, "missing_lines": [], "excluded_lines": []}, "FmdDeviceTracker.unique_id": {"executed_lines": [300], "summary": {"covered_lines": 1, "num_statements": 1, "percent_covered": 100.0, "percent_covered_display": "100", "missing_lines": 0, "excluded_lines": 0}, "missing_lines": [], "excluded_lines": []}, "FmdDeviceTracker.device_info": {"executed_lines": [305], "summary": {"covered_lines": 1, "num_statements": 1, "percent_covered": 100.0, "percent_covered_display": "100", "missing_lines": 0, "excluded_lines": 0}, "missing_lines": [], "excluded_lines": []}, "FmdDeviceTracker.latitude": {"executed_lines": [315], "summary": {"covered_lines": 1, "num_statements": 1, "percent_covered": 100.0, "percent_covered_display": "100", "missing_lines": 0, "excluded_lines": 0}, "missing_lines": [], "excluded_lines": []}, "FmdDeviceTracker.longitude": {"executed_lines": [320], "summary": {"covered_lines": 1, "num_statements": 1, "percent_covered": 100.0, "percent_covered_display": "100", "missing_lines": 0, "excluded_lines": 0}, "missing_lines": [], "excluded_lines": []}, "FmdDeviceTracker.source_type": {"executed_lines": [325], "summary": {"covered_lines": 1, "num_statements": 1, "percent_covered": 100.0, "percent_covered_display": "100", "missing_lines": 0, "excluded_lines": 0}, "missing_lines": [], "excluded_lines": []}, "FmdDeviceTracker.extra_state_attributes": {"executed_lines": [330, 332, 333, 336, 337, 340, 341, 342, 343, 346, 347, 351, 352, 355, 356, 357, 358, 359, 361, 362, 365, 366, 367, 368, 369, 371, 372, 375, 376, 377, 378, 379, 381, 382, 385, 386, 388], "summary": {"covered_lines": 37, "num_statements": 37, "percent_covered": 100.0, "percent_covered_display": "100", "missing_lines": 0, "excluded_lines": 0}, "missing_lines": [], "excluded_lines": []}, "FmdDeviceTracker._async_decrypt_data_blob": {"executed_lines": [399], "summary": {"covered_lines": 1, "num_statements": 1, "percent_covered": 100.0, "percent_covered_display": "100", "missing_lines": 0, "excluded_lines": 0}, "missing_lines": [], "excluded_lines": []}, "FmdDeviceTracker._is_location_accurate": {"executed_lines": [415, 418, 419, 422, 423, 426, 429], "summary": {"covered_lines": 7, "num_statements": 7, "percent_covered": 100.0, "percent_covered_display": "100", "missing_lines": 0, "excluded_lines": 0}, "missing_lines": [], "excluded_lines": []}, "FmdDeviceTracker.async_update": {"executed_lines": [433, 434, 437, 443, 445, 450, 451, 452, 457, 458, 461, 462, 470, 471, 472, 475, 476, 477, 479, 480, 483, 484, 488, 489, 492, 493, 498, 499, 501, 508, 509, 510, 511, 514, 517, 518, 519, 520, 521, 522, 526, 528, 536, 544, 546, 547, 549, 551, 552, 558, 559, 562, 563], "summary": {"covered_lines": 53, "num_statements": 53, "percent_covered": 100.0, "percent_covered_display": "100", "missing_lines": 0, "excluded_lines": 0}, "missing_lines": [], "excluded_lines": []}, "": {"executed_lines": [1, 2, 4, 5, 6, 7, 9, 12, 13, 14, 15, 16, 17, 18, 19, 20, 22, 31, 34, 107, 108, 110, 111, 115, 116, 117, 118, 119, 121, 149, 150, 154, 230, 243, 254, 291, 297, 298, 302, 303, 312, 313, 317, 318, 322, 323, 327, 328, 390, 401, 431], "summary": {"covered_lines": 49, "num_statements": 50, "percent_covered": 98.0, "percent_covered_display": "98", "missing_lines": 1, "excluded_lines": 0}, "missing_lines": [10], "excluded_lines": []}}, "classes": {"FmdDeviceTracker": {"executed_lines": [132, 133, 134, 135, 136, 137, 138, 139, 140, 141, 143, 144, 145, 146, 147, 152, 156, 157, 159, 162, 166, 167, 169, 170, 173, 174, 178, 179, 182, 186, 187, 188, 194, 195, 202, 203, 204, 208, 218, 219, 221, 223, 226, 232, 237, 239, 240, 241, 245, 246, 248, 249, 252, 256, 257, 259, 261, 262, 263, 264, 265, 268, 270, 273, 274, 275, 277, 278, 279, 286, 289, 293, 294, 295, 300, 305, 315, 320, 325, 330, 332, 333, 336, 337, 340, 341, 342, 343, 346, 347, 351, 352, 355, 356, 357, 358, 359, 361, 362, 365, 366, 367, 368, 369, 371, 372, 375, 376, 377, 378, 379, 381, 382, 385, 386, 388, 399, 415, 418, 419, 422, 423, 426, 429, 433, 434, 437, 443, 445, 450, 451, 452, 457, 458, 461, 462, 470, 471, 472, 475, 476, 477, 479, 480, 483, 484, 488, 489, 492, 493, 498, 499, 501, 508, 509, 510, 511, 514, 517, 518, 519, 520, 521, 522, 526, 528, 536, 544, 546, 547, 549, 551, 552, 558, 559, 562, 563], "summary": {"covered_lines": 177, "num_statements": 182, "percent_covered": 97.25274725274726, "percent_covered_display": "97", "missing_lines": 5, "excluded_lines": 0}, "missing_lines": [163, 164, 210, 211, 212], "excluded_lines": []}, "": {"executed_lines": [1, 2, 4, 5, 6, 7, 9, 12, 13, 14, 15, 16, 17, 18, 19, 20, 22, 31, 34, 44, 47, 50, 56, 62, 67, 70, 72, 83, 89, 90, 91, 92, 100, 101, 104, 107, 108, 110, 111, 115, 116, 117, 118, 119, 121, 149, 150, 154, 230, 243, 254, 291, 297, 298, 302, 303, 312, 313, 317, 318, 322, 323, 327, 328, 390, 401, 431], "summary": {"covered_lines": 65, "num_statements": 68, "percent_covered": 95.58823529411765, "percent_covered_display": "96", "missing_lines": 3, "excluded_lines": 0}, "missing_lines": [10, 95, 96], "excluded_lines": []}}}, "custom_components\\fmd\\number.py": {"executed_lines": [1, 2, 4, 5, 7, 8, 9, 10, 11, 13, 15, 18, 19, 22, 28, 34, 37, 40, 41, 43, 44, 45, 46, 47, 48, 49, 51, 53, 54, 55, 56, 57, 61, 63, 64, 66, 73, 75, 76, 77, 80, 81, 82, 85, 86, 87, 88, 92, 95, 96, 98, 99, 100, 101, 102, 103, 104, 105, 107, 109, 110, 111, 112, 113, 117, 118, 120, 127, 129, 130, 131, 134, 135, 136, 139, 140, 141, 142, 147, 150, 151, 153, 154, 155, 156, 157, 158, 159, 161, 163, 164, 165, 166, 167, 169, 170, 172, 174, 175, 177, 184, 186, 187, 188, 191, 192, 193], "summary": {"covered_lines": 103, "num_statements": 103, "percent_covered": 100.0, "percent_covered_display": "100", "missing_lines": 0, "excluded_lines": 0}, "missing_lines": [], "excluded_lines": [], "functions": {"async_setup_entry": {"executed_lines": [28, 34, 37], "summary": {"covered_lines": 3, "num_statements": 3, "percent_covered": 100.0, "percent_covered_display": "100", "missing_lines": 0, "excluded_lines": 0}, "missing_lines": [], "excluded_lines": []}, "FmdUpdateIntervalNumber.__init__": {"executed_lines": [53, 54, 55, 56, 57, 61], "summary": {"covered_lines": 6, "num_statements": 6, "percent_covered": 100.0, "percent_covered_display": "100", "missing_lines": 0, "excluded_lines": 0}, "missing_lines": [], "excluded_lines": []}, "FmdUpdateIntervalNumber.device_info": {"executed_lines": [66], "summary": {"covered_lines": 1, "num_statements": 1, "percent_covered": 100.0, "percent_covered_display": "100", "missing_lines": 0, "excluded_lines": 0}, "missing_lines": [], "excluded_lines": []}, "FmdUpdateIntervalNumber.async_set_native_value": {"executed_lines": [75, 76, 77, 80, 81, 82, 85, 86, 87, 88, 92], "summary": {"covered_lines": 11, "num_statements": 11, "percent_covered": 100.0, "percent_covered_display": "100", "missing_lines": 0, "excluded_lines": 0}, "missing_lines": [], "excluded_lines": []}, "FmdHighFrequencyIntervalNumber.__init__": {"executed_lines": [109, 110, 111, 112, 113], "summary": {"covered_lines": 5, "num_statements": 5, "percent_covered": 100.0, "percent_covered_display": "100", "missing_lines": 0, "excluded_lines": 0}, "missing_lines": [], "excluded_lines": []}, "FmdHighFrequencyIntervalNumber.device_info": {"executed_lines": [120], "summary": {"covered_lines": 1, "num_statements": 1, "percent_covered": 100.0, "percent_covered_display": "100", "missing_lines": 0, "excluded_lines": 0}, "missing_lines": [], "excluded_lines": []}, "FmdHighFrequencyIntervalNumber.async_set_native_value": {"executed_lines": [129, 130, 131, 134, 135, 136, 139, 140, 141, 142, 147], "summary": {"covered_lines": 11, "num_statements": 11, "percent_covered": 100.0, "percent_covered_display": "100", "missing_lines": 0, "excluded_lines": 0}, "missing_lines": [], "excluded_lines": []}, "FmdMaxPhotosNumber.__init__": {"executed_lines": [163, 164, 165, 166, 167], "summary": {"covered_lines": 5, "num_statements": 5, "percent_covered": 100.0, "percent_covered_display": "100", "missing_lines": 0, "excluded_lines": 0}, "missing_lines": [], "excluded_lines": []}, "FmdMaxPhotosNumber.icon": {"executed_lines": [172], "summary": {"covered_lines": 1, "num_statements": 1, "percent_covered": 100.0, "percent_covered_display": "100", "missing_lines": 0, "excluded_lines": 0}, "missing_lines": [], "excluded_lines": []}, "FmdMaxPhotosNumber.device_info": {"executed_lines": [177], "summary": {"covered_lines": 1, "num_statements": 1, "percent_covered": 100.0, "percent_covered_display": "100", "missing_lines": 0, "excluded_lines": 0}, "missing_lines": [], "excluded_lines": []}, "FmdMaxPhotosNumber.async_set_native_value": {"executed_lines": [186, 187, 188, 191, 192, 193], "summary": {"covered_lines": 6, "num_statements": 6, "percent_covered": 100.0, "percent_covered_display": "100", "missing_lines": 0, "excluded_lines": 0}, "missing_lines": [], "excluded_lines": []}, "": {"executed_lines": [1, 2, 4, 5, 7, 8, 9, 10, 11, 13, 15, 18, 19, 22, 40, 41, 43, 44, 45, 46, 47, 48, 49, 51, 63, 64, 73, 95, 96, 98, 99, 100, 101, 102, 103, 104, 105, 107, 117, 118, 127, 150, 151, 153, 154, 155, 156, 157, 158, 159, 161, 169, 170, 174, 175, 184], "summary": {"covered_lines": 52, "num_statements": 52, "percent_covered": 100.0, "percent_covered_display": "100", "missing_lines": 0, "excluded_lines": 0}, "missing_lines": [], "excluded_lines": []}}, "classes": {"FmdUpdateIntervalNumber": {"executed_lines": [53, 54, 55, 56, 57, 61, 66, 75, 76, 77, 80, 81, 82, 85, 86, 87, 88, 92], "summary": {"covered_lines": 18, "num_statements": 18, "percent_covered": 100.0, "percent_covered_display": "100", "missing_lines": 0, "excluded_lines": 0}, "missing_lines": [], "excluded_lines": []}, "FmdHighFrequencyIntervalNumber": {"executed_lines": [109, 110, 111, 112, 113, 120, 129, 130, 131, 134, 135, 136, 139, 140, 141, 142, 147], "summary": {"covered_lines": 17, "num_statements": 17, "percent_covered": 100.0, "percent_covered_display": "100", "missing_lines": 0, "excluded_lines": 0}, "missing_lines": [], "excluded_lines": []}, "FmdMaxPhotosNumber": {"executed_lines": [163, 164, 165, 166, 167, 172, 177, 186, 187, 188, 191, 192, 193], "summary": {"covered_lines": 13, "num_statements": 13, "percent_covered": 100.0, "percent_covered_display": "100", "missing_lines": 0, "excluded_lines": 0}, "missing_lines": [], "excluded_lines": []}, "": {"executed_lines": [1, 2, 4, 5, 7, 8, 9, 10, 11, 13, 15, 18, 19, 22, 28, 34, 37, 40, 41, 43, 44, 45, 46, 47, 48, 49, 51, 63, 64, 73, 95, 96, 98, 99, 100, 101, 102, 103, 104, 105, 107, 117, 118, 127, 150, 151, 153, 154, 155, 156, 157, 158, 159, 161, 169, 170, 174, 175, 184], "summary": {"covered_lines": 55, "num_statements": 55, "percent_covered": 100.0, "percent_covered_display": "100", "missing_lines": 0, "excluded_lines": 0}, "missing_lines": [], "excluded_lines": []}}}, "custom_components\\fmd\\select.py": {"executed_lines": [1, 2, 4, 5, 6, 8, 9, 10, 11, 12, 14, 16, 18, 19, 22, 23, 25, 26, 27, 28, 35, 37, 38, 39, 40, 42, 46, 47, 49, 56, 58, 59, 60, 63, 64, 65, 67, 73, 79, 82, 88, 98, 99, 101, 102, 103, 104, 106, 108, 109, 110, 111, 112, 114, 115, 117, 124, 126, 127, 130, 131, 132, 133, 135, 136, 137, 138, 139, 140, 141, 144, 145, 148, 150, 151, 154, 155, 158, 159, 161, 162, 163, 164, 170, 172, 173, 174, 175, 176, 178, 179, 181, 188, 190, 191, 194, 195, 196, 197, 199, 200, 201, 202, 203, 204, 205, 208, 209, 212, 214, 215, 218, 219, 222, 223, 225, 226, 227, 228, 235, 237, 238, 239, 240, 241, 243, 244, 246, 253, 255, 256, 259, 260, 261, 262, 264, 265, 266, 267, 268, 269, 270, 271, 272, 273, 276, 277, 280, 282, 283, 286, 287], "summary": {"covered_lines": 147, "num_statements": 147, "percent_covered": 100.0, "percent_covered_display": "100", "missing_lines": 0, "excluded_lines": 0}, "missing_lines": [], "excluded_lines": [], "functions": {"FmdLocationSourceSelect.__init__": {"executed_lines": [37, 38, 39, 40, 42], "summary": {"covered_lines": 5, "num_statements": 5, "percent_covered": 100.0, "percent_covered_display": "100", "missing_lines": 0, "excluded_lines": 0}, "missing_lines": [], "excluded_lines": []}, "FmdLocationSourceSelect.device_info": {"executed_lines": [49], "summary": {"covered_lines": 1, "num_statements": 1, "percent_covered": 100.0, "percent_covered_display": "100", "missing_lines": 0, "excluded_lines": 0}, "missing_lines": [], "excluded_lines": []}, "FmdLocationSourceSelect.async_select_option": {"executed_lines": [58, 59, 60, 63, 64, 65], "summary": {"covered_lines": 6, "num_statements": 6, "percent_covered": 100.0, "percent_covered_display": "100", "missing_lines": 0, "excluded_lines": 0}, "missing_lines": [], "excluded_lines": []}, "FmdLocationSourceSelect.get_provider_value": {"executed_lines": [73, 79], "summary": {"covered_lines": 2, "num_statements": 2, "percent_covered": 100.0, "percent_covered_display": "100", "missing_lines": 0, "excluded_lines": 0}, "missing_lines": [], "excluded_lines": []}, "async_setup_entry": {"executed_lines": [88], "summary": {"covered_lines": 1, "num_statements": 1, "percent_covered": 100.0, "percent_covered_display": "100", "missing_lines": 0, "excluded_lines": 0}, "missing_lines": [], "excluded_lines": []}, "FmdBluetoothSelect.__init__": {"executed_lines": [108, 109, 110, 111, 112], "summary": {"covered_lines": 5, "num_statements": 5, "percent_covered": 100.0, "percent_covered_display": "100", "missing_lines": 0, "excluded_lines": 0}, "missing_lines": [], "excluded_lines": []}, "FmdBluetoothSelect.device_info": {"executed_lines": [117], "summary": {"covered_lines": 1, "num_statements": 1, "percent_covered": 100.0, "percent_covered_display": "100", "missing_lines": 0, "excluded_lines": 0}, "missing_lines": [], "excluded_lines": []}, "FmdBluetoothSelect.async_select_option": {"executed_lines": [126, 127, 130, 131, 132, 133, 135, 136, 137, 138, 139, 140, 141, 144, 145, 148, 150, 151, 154, 155], "summary": {"covered_lines": 20, "num_statements": 20, "percent_covered": 100.0, "percent_covered_display": "100", "missing_lines": 0, "excluded_lines": 0}, "missing_lines": [], "excluded_lines": []}, "FmdDoNotDisturbSelect.__init__": {"executed_lines": [172, 173, 174, 175, 176], "summary": {"covered_lines": 5, "num_statements": 5, "percent_covered": 100.0, "percent_covered_display": "100", "missing_lines": 0, "excluded_lines": 0}, "missing_lines": [], "excluded_lines": []}, "FmdDoNotDisturbSelect.device_info": {"executed_lines": [181], "summary": {"covered_lines": 1, "num_statements": 1, "percent_covered": 100.0, "percent_covered_display": "100", "missing_lines": 0, "excluded_lines": 0}, "missing_lines": [], "excluded_lines": []}, "FmdDoNotDisturbSelect.async_select_option": {"executed_lines": [190, 191, 194, 195, 196, 197, 199, 200, 201, 202, 203, 204, 205, 208, 209, 212, 214, 215, 218, 219], "summary": {"covered_lines": 20, "num_statements": 20, "percent_covered": 100.0, "percent_covered_display": "100", "missing_lines": 0, "excluded_lines": 0}, "missing_lines": [], "excluded_lines": []}, "FmdRingerModeSelect.__init__": {"executed_lines": [237, 238, 239, 240, 241], "summary": {"covered_lines": 5, "num_statements": 5, "percent_covered": 100.0, "percent_covered_display": "100", "missing_lines": 0, "excluded_lines": 0}, "missing_lines": [], "excluded_lines": []}, "FmdRingerModeSelect.device_info": {"executed_lines": [246], "summary": {"covered_lines": 1, "num_statements": 1, "percent_covered": 100.0, "percent_covered_display": "100", "missing_lines": 0, "excluded_lines": 0}, "missing_lines": [], "excluded_lines": []}, "FmdRingerModeSelect.async_select_option": {"executed_lines": [255, 256, 259, 260, 261, 262, 264, 265, 266, 267, 268, 269, 270, 271, 272, 273, 276, 277, 280, 282, 283, 286, 287], "summary": {"covered_lines": 23, "num_statements": 23, "percent_covered": 100.0, "percent_covered_display": "100", "missing_lines": 0, "excluded_lines": 0}, "missing_lines": [], "excluded_lines": []}, "": {"executed_lines": [1, 2, 4, 5, 6, 8, 9, 10, 11, 12, 14, 16, 18, 19, 22, 23, 25, 26, 27, 28, 35, 46, 47, 56, 67, 82, 98, 99, 101, 102, 103, 104, 106, 114, 115, 124, 158, 159, 161, 162, 163, 164, 170, 178, 179, 188, 222, 223, 225, 226, 227, 228, 235, 243, 244, 253], "summary": {"covered_lines": 51, "num_statements": 51, "percent_covered": 100.0, "percent_covered_display": "100", "missing_lines": 0, "excluded_lines": 0}, "missing_lines": [], "excluded_lines": []}}, "classes": {"FmdLocationSourceSelect": {"executed_lines": [37, 38, 39, 40, 42, 49, 58, 59, 60, 63, 64, 65, 73, 79], "summary": {"covered_lines": 14, "num_statements": 14, "percent_covered": 100.0, "percent_covered_display": "100", "missing_lines": 0, "excluded_lines": 0}, "missing_lines": [], "excluded_lines": []}, "FmdBluetoothSelect": {"executed_lines": [108, 109, 110, 111, 112, 117, 126, 127, 130, 131, 132, 133, 135, 136, 137, 138, 139, 140, 141, 144, 145, 148, 150, 151, 154, 155], "summary": {"covered_lines": 26, "num_statements": 26, "percent_covered": 100.0, "percent_covered_display": "100", "missing_lines": 0, "excluded_lines": 0}, "missing_lines": [], "excluded_lines": []}, "FmdDoNotDisturbSelect": {"executed_lines": [172, 173, 174, 175, 176, 181, 190, 191, 194, 195, 196, 197, 199, 200, 201, 202, 203, 204, 205, 208, 209, 212, 214, 215, 218, 219], "summary": {"covered_lines": 26, "num_statements": 26, "percent_covered": 100.0, "percent_covered_display": "100", "missing_lines": 0, "excluded_lines": 0}, "missing_lines": [], "excluded_lines": []}, "FmdRingerModeSelect": {"executed_lines": [237, 238, 239, 240, 241, 246, 255, 256, 259, 260, 261, 262, 264, 265, 266, 267, 268, 269, 270, 271, 272, 273, 276, 277, 280, 282, 283, 286, 287], "summary": {"covered_lines": 29, "num_statements": 29, "percent_covered": 100.0, "percent_covered_display": "100", "missing_lines": 0, "excluded_lines": 0}, "missing_lines": [], "excluded_lines": []}, "": {"executed_lines": [1, 2, 4, 5, 6, 8, 9, 10, 11, 12, 14, 16, 18, 19, 22, 23, 25, 26, 27, 28, 35, 46, 47, 56, 67, 82, 88, 98, 99, 101, 102, 103, 104, 106, 114, 115, 124, 158, 159, 161, 162, 163, 164, 170, 178, 179, 188, 222, 223, 225, 226, 227, 228, 235, 243, 244, 253], "summary": {"covered_lines": 52, "num_statements": 52, "percent_covered": 100.0, "percent_covered_display": "100", "missing_lines": 0, "excluded_lines": 0}, "missing_lines": [], "excluded_lines": []}}}, "custom_components\\fmd\\sensor.py": {"executed_lines": [1, 2, 4, 5, 6, 7, 9, 10, 11, 12, 14, 16, 19, 22, 28, 29, 31, 35, 38, 41, 42, 44, 45, 46, 48, 56, 57, 58, 59, 60, 63, 64, 65, 66, 67, 68, 69, 71, 72, 73, 75, 77, 78, 80, 82, 83, 85, 87, 88, 90, 101, 103, 104, 105, 108, 109, 110, 111, 114, 116, 118, 120, 121, 122, 125, 126, 128, 129, 131, 132, 133, 134], "summary": {"covered_lines": 70, "num_statements": 71, "percent_covered": 98.59154929577464, "percent_covered_display": "99", "missing_lines": 1, "excluded_lines": 0}, "missing_lines": [17], "excluded_lines": [], "functions": {"async_setup_entry": {"executed_lines": [28, 29, 31, 35, 38], "summary": {"covered_lines": 5, "num_statements": 5, "percent_covered": 100.0, "percent_covered_display": "100", "missing_lines": 0, "excluded_lines": 0}, "missing_lines": [], "excluded_lines": []}, "FmdPhotoCountSensor.__init__": {"executed_lines": [56, 57, 58, 59, 60, 63, 64, 65, 66, 67, 68, 69, 71, 72, 73, 75], "summary": {"covered_lines": 16, "num_statements": 16, "percent_covered": 100.0, "percent_covered_display": "100", "missing_lines": 0, "excluded_lines": 0}, "missing_lines": [], "excluded_lines": []}, "FmdPhotoCountSensor.icon": {"executed_lines": [80], "summary": {"covered_lines": 1, "num_statements": 1, "percent_covered": 100.0, "percent_covered_display": "100", "missing_lines": 0, "excluded_lines": 0}, "missing_lines": [], "excluded_lines": []}, "FmdPhotoCountSensor.native_value": {"executed_lines": [85], "summary": {"covered_lines": 1, "num_statements": 1, "percent_covered": 100.0, "percent_covered_display": "100", "missing_lines": 0, "excluded_lines": 0}, "missing_lines": [], "excluded_lines": []}, "FmdPhotoCountSensor.extra_state_attributes": {"executed_lines": [90], "summary": {"covered_lines": 1, "num_statements": 1, "percent_covered": 100.0, "percent_covered_display": "100", "missing_lines": 0, "excluded_lines": 0}, "missing_lines": [], "excluded_lines": []}, "FmdPhotoCountSensor.update_photo_count": {"executed_lines": [103, 104, 105, 108, 109, 110, 111, 114], "summary": {"covered_lines": 8, "num_statements": 8, "percent_covered": 100.0, "percent_covered_display": "100", "missing_lines": 0, "excluded_lines": 0}, "missing_lines": [], "excluded_lines": []}, "FmdPhotoCountSensor._update_media_folder_count": {"executed_lines": [118, 120, 121, 122, 125, 126, 128, 129, 131, 132, 133, 134], "summary": {"covered_lines": 12, "num_statements": 12, "percent_covered": 100.0, "percent_covered_display": "100", "missing_lines": 0, "excluded_lines": 0}, "missing_lines": [], "excluded_lines": []}, "": {"executed_lines": [1, 2, 4, 5, 6, 7, 9, 10, 11, 12, 14, 16, 19, 22, 41, 42, 44, 45, 46, 48, 77, 78, 82, 83, 87, 88, 101, 116], "summary": {"covered_lines": 26, "num_statements": 27, "percent_covered": 96.29629629629629, "percent_covered_display": "96", "missing_lines": 1, "excluded_lines": 0}, "missing_lines": [17], "excluded_lines": []}}, "classes": {"FmdPhotoCountSensor": {"executed_lines": [56, 57, 58, 59, 60, 63, 64, 65, 66, 67, 68, 69, 71, 72, 73, 75, 80, 85, 90, 103, 104, 105, 108, 109, 110, 111, 114, 118, 120, 121, 122, 125, 126, 128, 129, 131, 132, 133, 134], "summary": {"covered_lines": 39, "num_statements": 39, "percent_covered": 100.0, "percent_covered_display": "100", "missing_lines": 0, "excluded_lines": 0}, "missing_lines": [], "excluded_lines": []}, "": {"executed_lines": [1, 2, 4, 5, 6, 7, 9, 10, 11, 12, 14, 16, 19, 22, 28, 29, 31, 35, 38, 41, 42, 44, 45, 46, 48, 77, 78, 82, 83, 87, 88, 101, 116], "summary": {"covered_lines": 31, "num_statements": 32, "percent_covered": 96.875, "percent_covered_display": "97", "missing_lines": 1, "excluded_lines": 0}, "missing_lines": [17], "excluded_lines": []}}}, "custom_components\\fmd\\switch.py": {"executed_lines": [1, 2, 4, 5, 6, 8, 9, 10, 11, 12, 14, 16, 18, 21, 27, 34, 37, 38, 39, 40, 41, 44, 45, 47, 48, 50, 52, 53, 54, 55, 56, 57, 59, 60, 62, 69, 71, 72, 73, 76, 77, 78, 81, 82, 83, 84, 86, 88, 90, 91, 92, 95, 96, 97, 100, 101, 102, 103, 105, 108, 109, 111, 112, 113, 115, 117, 118, 119, 120, 121, 129, 130, 132, 139, 141, 142, 143, 146, 147, 148, 151, 152, 153, 154, 156, 158, 160, 161, 162, 165, 166, 167, 170, 171, 172, 173, 175, 178, 179, 184, 185, 186, 188, 190, 191, 192, 193, 194, 195, 198, 199, 201, 202, 204, 211, 213, 214, 215, 217, 219, 220, 223, 226, 227, 228, 229, 232, 236, 237, 239, 241, 242, 245, 246, 249, 250, 251, 253, 255, 256, 257, 258, 259, 260, 261, 262, 264, 267, 268, 274, 275, 276, 278, 280, 281, 282, 283, 284, 286, 287, 289, 296, 298, 301, 304, 305, 308, 309, 310, 312, 314, 317, 318, 321, 322, 323], "summary": {"covered_lines": 171, "num_statements": 172, "percent_covered": 99.4186046511628, "percent_covered_display": "99", "missing_lines": 1, "excluded_lines": 0}, "missing_lines": [233], "excluded_lines": [], "functions": {"async_setup_entry": {"executed_lines": [27, 34, 37, 38, 39, 40, 41], "summary": {"covered_lines": 7, "num_statements": 7, "percent_covered": 100.0, "percent_covered_display": "100", "missing_lines": 0, "excluded_lines": 0}, "missing_lines": [], "excluded_lines": []}, "FmdHighFrequencyModeSwitch.__init__": {"executed_lines": [52, 53, 54, 55, 56, 57], "summary": {"covered_lines": 6, "num_statements": 6, "percent_covered": 100.0, "percent_covered_display": "100", "missing_lines": 0, "excluded_lines": 0}, "missing_lines": [], "excluded_lines": []}, "FmdHighFrequencyModeSwitch.device_info": {"executed_lines": [62], "summary": {"covered_lines": 1, "num_statements": 1, "percent_covered": 100.0, "percent_covered_display": "100", "missing_lines": 0, "excluded_lines": 0}, "missing_lines": [], "excluded_lines": []}, "FmdHighFrequencyModeSwitch.async_turn_on": {"executed_lines": [71, 72, 73, 76, 77, 78, 81, 82, 83, 84, 86], "summary": {"covered_lines": 11, "num_statements": 11, "percent_covered": 100.0, "percent_covered_display": "100", "missing_lines": 0, "excluded_lines": 0}, "missing_lines": [], "excluded_lines": []}, "FmdHighFrequencyModeSwitch.async_turn_off": {"executed_lines": [90, 91, 92, 95, 96, 97, 100, 101, 102, 103, 105], "summary": {"covered_lines": 11, "num_statements": 11, "percent_covered": 100.0, "percent_covered_display": "100", "missing_lines": 0, "excluded_lines": 0}, "missing_lines": [], "excluded_lines": []}, "FmdAllowInaccurateSwitch.__init__": {"executed_lines": [117, 118, 119, 120, 121], "summary": {"covered_lines": 5, "num_statements": 5, "percent_covered": 100.0, "percent_covered_display": "100", "missing_lines": 0, "excluded_lines": 0}, "missing_lines": [], "excluded_lines": []}, "FmdAllowInaccurateSwitch.device_info": {"executed_lines": [132], "summary": {"covered_lines": 1, "num_statements": 1, "percent_covered": 100.0, "percent_covered_display": "100", "missing_lines": 0, "excluded_lines": 0}, "missing_lines": [], "excluded_lines": []}, "FmdAllowInaccurateSwitch.async_turn_on": {"executed_lines": [141, 142, 143, 146, 147, 148, 151, 152, 153, 154, 156], "summary": {"covered_lines": 11, "num_statements": 11, "percent_covered": 100.0, "percent_covered_display": "100", "missing_lines": 0, "excluded_lines": 0}, "missing_lines": [], "excluded_lines": []}, "FmdAllowInaccurateSwitch.async_turn_off": {"executed_lines": [160, 161, 162, 165, 166, 167, 170, 171, 172, 173, 175], "summary": {"covered_lines": 11, "num_statements": 11, "percent_covered": 100.0, "percent_covered_display": "100", "missing_lines": 0, "excluded_lines": 0}, "missing_lines": [], "excluded_lines": []}, "FmdWipeSafetySwitch.__init__": {"executed_lines": [190, 191, 192, 193, 194, 195, 198, 199], "summary": {"covered_lines": 8, "num_statements": 8, "percent_covered": 100.0, "percent_covered_display": "100", "missing_lines": 0, "excluded_lines": 0}, "missing_lines": [], "excluded_lines": []}, "FmdWipeSafetySwitch.device_info": {"executed_lines": [204], "summary": {"covered_lines": 1, "num_statements": 1, "percent_covered": 100.0, "percent_covered_display": "100", "missing_lines": 0, "excluded_lines": 0}, "missing_lines": [], "excluded_lines": []}, "FmdWipeSafetySwitch.async_will_remove_from_hass": {"executed_lines": [213, 214, 215], "summary": {"covered_lines": 3, "num_statements": 3, "percent_covered": 100.0, "percent_covered_display": "100", "missing_lines": 0, "excluded_lines": 0}, "missing_lines": [], "excluded_lines": []}, "FmdWipeSafetySwitch.async_turn_on": {"executed_lines": [219, 220, 223, 226, 227, 228, 229, 232, 236, 237], "summary": {"covered_lines": 10, "num_statements": 11, "percent_covered": 90.9090909090909, "percent_covered_display": "91", "missing_lines": 1, "excluded_lines": 0}, "missing_lines": [233], "excluded_lines": []}, "FmdWipeSafetySwitch.async_turn_off": {"executed_lines": [241, 242, 245, 246, 249, 250, 251], "summary": {"covered_lines": 7, "num_statements": 7, "percent_covered": 100.0, "percent_covered_display": "100", "missing_lines": 0, "excluded_lines": 0}, "missing_lines": [], "excluded_lines": []}, "FmdWipeSafetySwitch._auto_disable": {"executed_lines": [255, 256, 257, 258, 259, 260, 261, 262, 264], "summary": {"covered_lines": 9, "num_statements": 9, "percent_covered": 100.0, "percent_covered_display": "100", "missing_lines": 0, "excluded_lines": 0}, "missing_lines": [], "excluded_lines": []}, "FmdPhotoAutoCleanupSwitch.__init__": {"executed_lines": [280, 281, 282, 283, 284], "summary": {"covered_lines": 5, "num_statements": 5, "percent_covered": 100.0, "percent_covered_display": "100", "missing_lines": 0, "excluded_lines": 0}, "missing_lines": [], "excluded_lines": []}, "FmdPhotoAutoCleanupSwitch.device_info": {"executed_lines": [289], "summary": {"covered_lines": 1, "num_statements": 1, "percent_covered": 100.0, "percent_covered_display": "100", "missing_lines": 0, "excluded_lines": 0}, "missing_lines": [], "excluded_lines": []}, "FmdPhotoAutoCleanupSwitch.async_turn_on": {"executed_lines": [298, 301, 304, 305, 308, 309, 310], "summary": {"covered_lines": 7, "num_statements": 7, "percent_covered": 100.0, "percent_covered_display": "100", "missing_lines": 0, "excluded_lines": 0}, "missing_lines": [], "excluded_lines": []}, "FmdPhotoAutoCleanupSwitch.async_turn_off": {"executed_lines": [314, 317, 318, 321, 322, 323], "summary": {"covered_lines": 6, "num_statements": 6, "percent_covered": 100.0, "percent_covered_display": "100", "missing_lines": 0, "excluded_lines": 0}, "missing_lines": [], "excluded_lines": []}, "": {"executed_lines": [1, 2, 4, 5, 6, 8, 9, 10, 11, 12, 14, 16, 18, 21, 44, 45, 47, 48, 50, 59, 60, 69, 88, 108, 109, 111, 112, 113, 115, 129, 130, 139, 158, 178, 179, 184, 185, 186, 188, 201, 202, 211, 217, 239, 253, 267, 268, 274, 275, 276, 278, 286, 287, 296, 312], "summary": {"covered_lines": 50, "num_statements": 50, "percent_covered": 100.0, "percent_covered_display": "100", "missing_lines": 0, "excluded_lines": 0}, "missing_lines": [], "excluded_lines": []}}, "classes": {"FmdHighFrequencyModeSwitch": {"executed_lines": [52, 53, 54, 55, 56, 57, 62, 71, 72, 73, 76, 77, 78, 81, 82, 83, 84, 86, 90, 91, 92, 95, 96, 97, 100, 101, 102, 103, 105], "summary": {"covered_lines": 29, "num_statements": 29, "percent_covered": 100.0, "percent_covered_display": "100", "missing_lines": 0, "excluded_lines": 0}, "missing_lines": [], "excluded_lines": []}, "FmdAllowInaccurateSwitch": {"executed_lines": [117, 118, 119, 120, 121, 132, 141, 142, 143, 146, 147, 148, 151, 152, 153, 154, 156, 160, 161, 162, 165, 166, 167, 170, 171, 172, 173, 175], "summary": {"covered_lines": 28, "num_statements": 28, "percent_covered": 100.0, "percent_covered_display": "100", "missing_lines": 0, "excluded_lines": 0}, "missing_lines": [], "excluded_lines": []}, "FmdWipeSafetySwitch": {"executed_lines": [190, 191, 192, 193, 194, 195, 198, 199, 204, 213, 214, 215, 219, 220, 223, 226, 227, 228, 229, 232, 236, 237, 241, 242, 245, 246, 249, 250, 251, 255, 256, 257, 258, 259, 260, 261, 262, 264], "summary": {"covered_lines": 38, "num_statements": 39, "percent_covered": 97.43589743589743, "percent_covered_display": "97", "missing_lines": 1, "excluded_lines": 0}, "missing_lines": [233], "excluded_lines": []}, "FmdPhotoAutoCleanupSwitch": {"executed_lines": [280, 281, 282, 283, 284, 289, 298, 301, 304, 305, 308, 309, 310, 314, 317, 318, 321, 322, 323], "summary": {"covered_lines": 19, "num_statements": 19, "percent_covered": 100.0, "percent_covered_display": "100", "missing_lines": 0, "excluded_lines": 0}, "missing_lines": [], "excluded_lines": []}, "": {"executed_lines": [1, 2, 4, 5, 6, 8, 9, 10, 11, 12, 14, 16, 18, 21, 27, 34, 37, 38, 39, 40, 41, 44, 45, 47, 48, 50, 59, 60, 69, 88, 108, 109, 111, 112, 113, 115, 129, 130, 139, 158, 178, 179, 184, 185, 186, 188, 201, 202, 211, 217, 239, 253, 267, 268, 274, 275, 276, 278, 286, 287, 296, 312], "summary": {"covered_lines": 57, "num_statements": 57, "percent_covered": 100.0, "percent_covered_display": "100", "missing_lines": 0, "excluded_lines": 0}, "missing_lines": [], "excluded_lines": []}}}, "custom_components\\fmd\\text.py": {"executed_lines": [1, 2, 4, 5, 7, 8, 9, 10, 11, 13, 15, 18, 24, 29, 32, 33, 36, 37, 43, 44, 45, 46, 49, 51, 53, 54, 55, 56, 57, 58, 60, 61, 63, 70, 71, 77, 78, 80, 81, 83, 87, 88, 90, 92, 95, 97, 98, 99, 102, 103, 108, 109, 110, 113, 114, 115, 118, 119, 125, 126, 127, 128, 129, 131, 133, 134, 135, 136, 137, 138, 140, 141, 143, 150, 152, 153, 154, 157, 158, 159], "summary": {"covered_lines": 77, "num_statements": 78, "percent_covered": 98.71794871794872, "percent_covered_display": "99", "missing_lines": 1, "excluded_lines": 0}, "missing_lines": [84], "excluded_lines": [], "functions": {"async_setup_entry": {"executed_lines": [24, 29, 32, 33], "summary": {"covered_lines": 4, "num_statements": 4, "percent_covered": 100.0, "percent_covered_display": "100", "missing_lines": 0, "excluded_lines": 0}, "missing_lines": [], "excluded_lines": []}, "FmdWipePinText.__init__": {"executed_lines": [53, 54, 55, 56, 57, 58], "summary": {"covered_lines": 6, "num_statements": 6, "percent_covered": 100.0, "percent_covered_display": "100", "missing_lines": 0, "excluded_lines": 0}, "missing_lines": [], "excluded_lines": []}, "FmdWipePinText.device_info": {"executed_lines": [63], "summary": {"covered_lines": 1, "num_statements": 1, "percent_covered": 100.0, "percent_covered_display": "100", "missing_lines": 0, "excluded_lines": 0}, "missing_lines": [], "excluded_lines": []}, "FmdWipePinText.validate_pin": {"executed_lines": [77, 78, 80, 81, 83, 87, 88, 90], "summary": {"covered_lines": 8, "num_statements": 9, "percent_covered": 88.88888888888889, "percent_covered_display": "89", "missing_lines": 1, "excluded_lines": 0}, "missing_lines": [84], "excluded_lines": []}, "FmdWipePinText.async_set_value": {"executed_lines": [95, 97, 98, 99, 102, 103, 108, 109, 110, 113, 114, 115], "summary": {"covered_lines": 12, "num_statements": 12, "percent_covered": 100.0, "percent_covered_display": "100", "missing_lines": 0, "excluded_lines": 0}, "missing_lines": [], "excluded_lines": []}, "FmdLockMessageText.__init__": {"executed_lines": [133, 134, 135, 136, 137, 138], "summary": {"covered_lines": 6, "num_statements": 6, "percent_covered": 100.0, "percent_covered_display": "100", "missing_lines": 0, "excluded_lines": 0}, "missing_lines": [], "excluded_lines": []}, "FmdLockMessageText.device_info": {"executed_lines": [143], "summary": {"covered_lines": 1, "num_statements": 1, "percent_covered": 100.0, "percent_covered_display": "100", "missing_lines": 0, "excluded_lines": 0}, "missing_lines": [], "excluded_lines": []}, "FmdLockMessageText.async_set_value": {"executed_lines": [152, 153, 154, 157, 158, 159], "summary": {"covered_lines": 6, "num_statements": 6, "percent_covered": 100.0, "percent_covered_display": "100", "missing_lines": 0, "excluded_lines": 0}, "missing_lines": [], "excluded_lines": []}, "": {"executed_lines": [1, 2, 4, 5, 7, 8, 9, 10, 11, 13, 15, 18, 36, 37, 43, 44, 45, 46, 49, 51, 60, 61, 70, 71, 92, 118, 119, 125, 126, 127, 128, 129, 131, 140, 141, 150], "summary": {"covered_lines": 33, "num_statements": 33, "percent_covered": 100.0, "percent_covered_display": "100", "missing_lines": 0, "excluded_lines": 0}, "missing_lines": [], "excluded_lines": []}}, "classes": {"FmdWipePinText": {"executed_lines": [53, 54, 55, 56, 57, 58, 63, 77, 78, 80, 81, 83, 87, 88, 90, 95, 97, 98, 99, 102, 103, 108, 109, 110, 113, 114, 115], "summary": {"covered_lines": 27, "num_statements": 28, "percent_covered": 96.42857142857143, "percent_covered_display": "96", "missing_lines": 1, "excluded_lines": 0}, "missing_lines": [84], "excluded_lines": []}, "FmdLockMessageText": {"executed_lines": [133, 134, 135, 136, 137, 138, 143, 152, 153, 154, 157, 158, 159], "summary": {"covered_lines": 13, "num_statements": 13, "percent_covered": 100.0, "percent_covered_display": "100", "missing_lines": 0, "excluded_lines": 0}, "missing_lines": [], "excluded_lines": []}, "": {"executed_lines": [1, 2, 4, 5, 7, 8, 9, 10, 11, 13, 15, 18, 24, 29, 32, 33, 36, 37, 43, 44, 45, 46, 49, 51, 60, 61, 70, 71, 92, 118, 119, 125, 126, 127, 128, 129, 131, 140, 141, 150], "summary": {"covered_lines": 37, "num_statements": 37, "percent_covered": 100.0, "percent_covered_display": "100", "missing_lines": 0, "excluded_lines": 0}, "missing_lines": [], "excluded_lines": []}}}}, "totals": {"covered_lines": 1333, "num_statements": 1358, "percent_covered": 98.15905743740795, "percent_covered_display": "98", "missing_lines": 25, "excluded_lines": 5}}
